<?xml version="1.0" encoding="UTF-8"?>
<!-- Generated by org.testng.reporters.JUnitReportReporter -->
<testsuite hostname="DESKTOP-G2HCGQK" failures="0" tests="6" name="com.sandbox.UItest.tests.RegPageTestNG" time="716.512" errors="0" timestamp="2020-05-20T16:50:17 EEST" skipped="0">
  <testcase classname="com.sandbox.UItest.tests.RegPageTestNG" name="regUsers" time="256.536"/>
  <system-out/>
  <testcase classname="com.sandbox.UItest.tests.RegPageTestNG" name="checkIfUserReg" time="332.987"/>
  <system-out/>
  <testcase classname="com.sandbox.UItest.tests.RegPageTestNG" name="invalidRegNoEmail" time="29.631"/>
  <system-out/>
  <testcase classname="com.sandbox.UItest.tests.RegPageTestNG" name="invalidRegNoUserName" time="28.962"/>
  <system-out/>
  <testcase classname="com.sandbox.UItest.tests.RegPageTestNG" name="invalidRegNoPass" time="32.235"/>
  <system-out/>
  <testcase classname="com.sandbox.UItest.tests.RegPageTestNG" name="invalidConfPass" time="36.161"/>
  <system-out/>
</testsuite> <!-- com.sandbox.UItest.tests.RegPageTestNG -->
