<?xml version="1.0" encoding="UTF-8"?>
<!-- Generated by org.testng.reporters.JUnitReportReporter -->
<testsuite hostname="DESKTOP-G2HCGQK" failures="0" tests="3" name="com.sandbox.UItest.tests.ProductsPageTestNG" time="60.661" errors="0" timestamp="2020-05-20T16:50:17 EEST" skipped="0">
  <testcase classname="com.sandbox.UItest.tests.ProductsPageTestNG" name="addProd" time="45.225"/>
  <system-out/>
  <testcase classname="com.sandbox.UItest.tests.ProductsPageTestNG" name="checkIfadded" time="2.642"/>
  <system-out/>
  <testcase classname="com.sandbox.UItest.tests.ProductsPageTestNG" name="editProdPrice" time="12.794"/>
  <system-out/>
</testsuite> <!-- com.sandbox.UItest.tests.ProductsPageTestNG -->
