<?xml version="1.0" encoding="UTF-8"?>
<!-- Generated by org.testng.reporters.JUnitReportReporter -->
<testsuite hostname="DESKTOP-G2HCGQK" failures="0" tests="2" name="com.sandbox.UItest.tests.LogInPageTestNG" time="36.816" errors="0" timestamp="2020-05-20T16:50:16 EEST" skipped="0">
  <testcase classname="com.sandbox.UItest.tests.LogInPageTestNG" name="logInKnownUser" time="21.299"/>
  <system-out/>
  <testcase classname="com.sandbox.UItest.tests.LogInPageTestNG" name="failLogInUnknownUser" time="15.517"/>
  <system-out/>
</testsuite> <!-- com.sandbox.UItest.tests.LogInPageTestNG -->
